<?xml version="1.0" encoding="UTF-8"?>
<testng-results ignored="0" total="2" passed="2" failed="0" skipped="0">
  <reporter-output>
  </reporter-output>
  <suite started-at="2022-06-13T11:49:57 IST" name="Default suite" finished-at="2022-06-13T11:49:57 IST" duration-ms="104">
    <groups>
    </groups>
    <test started-at="2022-06-13T11:49:57 IST" name="Default test" finished-at="2022-06-13T11:49:57 IST" duration-ms="104">
      <class name="sampletest.beforeafftr">
        <test-method is-config="true" signature="openB()[pri:0, instance:sampletest.beforeafftr@6babf3bf]" started-at="2022-06-13T11:49:57 IST" name="openB" finished-at="2022-06-13T11:49:57 IST" duration-ms="11" status="PASS">
          <reporter-output>
          </reporter-output>
        </test-method> <!-- openB -->
        <test-method is-config="true" signature="enterappUrl()[pri:0, instance:sampletest.beforeafftr@6babf3bf]" started-at="2022-06-13T11:49:57 IST" name="enterappUrl" finished-at="2022-06-13T11:49:57 IST" duration-ms="1" status="PASS">
          <reporter-output>
          </reporter-output>
        </test-method> <!-- enterappUrl -->
        <test-method signature="log()[pri:1, instance:sampletest.beforeafftr@6babf3bf]" started-at="2022-06-13T11:49:57 IST" name="log" finished-at="2022-06-13T11:49:57 IST" duration-ms="9" status="PASS">
          <reporter-output>
          </reporter-output>
        </test-method> <!-- log -->
        <test-method is-config="true" signature="logout()[pri:0, instance:sampletest.beforeafftr@6babf3bf]" started-at="2022-06-13T11:49:57 IST" name="logout" finished-at="2022-06-13T11:49:57 IST" duration-ms="0" status="PASS">
          <reporter-output>
          </reporter-output>
        </test-method> <!-- logout -->
        <test-method is-config="true" signature="enterappUrl()[pri:0, instance:sampletest.beforeafftr@6babf3bf]" started-at="2022-06-13T11:49:57 IST" name="enterappUrl" finished-at="2022-06-13T11:49:57 IST" duration-ms="1" status="PASS">
          <reporter-output>
          </reporter-output>
        </test-method> <!-- enterappUrl -->
        <test-method signature="task()[pri:2, instance:sampletest.beforeafftr@6babf3bf]" started-at="2022-06-13T11:49:57 IST" name="task" finished-at="2022-06-13T11:49:57 IST" duration-ms="3" status="PASS">
          <reporter-output>
          </reporter-output>
        </test-method> <!-- task -->
        <test-method is-config="true" signature="logout()[pri:0, instance:sampletest.beforeafftr@6babf3bf]" started-at="2022-06-13T11:49:57 IST" name="logout" finished-at="2022-06-13T11:49:57 IST" duration-ms="0" status="PASS">
          <reporter-output>
          </reporter-output>
        </test-method> <!-- logout -->
        <test-method is-config="true" signature="closeb()[pri:0, instance:sampletest.beforeafftr@6babf3bf]" started-at="2022-06-13T11:49:57 IST" name="closeb" finished-at="2022-06-13T11:49:57 IST" duration-ms="1" status="PASS">
          <reporter-output>
          </reporter-output>
        </test-method> <!-- closeb -->
      </class> <!-- sampletest.beforeafftr -->
    </test> <!-- Default test -->
  </suite> <!-- Default suite -->
</testng-results>
